2025-03-30 03:37:20,372 - INFO - Excel file loaded successfully with all required sheets.
2025-03-30 03:37:20,372 - INFO - Converted ReportedAt to datetime in DataFrame.
2025-03-30 03:37:20,372 - INFO - Converted RecordedAt to datetime in DataFrame.
2025-03-30 03:37:20,387 - INFO - Connected to SQLite database.
2025-03-30 03:37:20,429 - INFO - Database tables created successfully.
2025-03-30 03:37:20,459 - INFO - Populated Dim_Location with 100 rows.
2025-03-30 03:37:20,484 - INFO - Populated Dim_Vehicle with 200 rows.
2025-03-30 03:37:20,491 - INFO - Populated Dim_RoadCondition with 100 rows.
2025-03-30 03:37:20,526 - INFO - Populated Dim_Date with 50 rows.
2025-03-30 03:37:20,529 - WARNING - Locations in Accidents not found in Conditions: {'Pittman Dam', 'Wallace Freeway', 'Ferguson Ridge', 'Lisa Neck', 'Todd Meadow', 'Joseph Forges', 'Carl Trafficway', 'Lisa Dale', 'Jamie Dale', 'Julie Pine', 'Edward Freeway', 'Dawn Place', 'John Unions', 'Ashley Greens', 'Abigail Spur', 'Melissa Knolls', 'Morales Prairie', 'Jonathan Point', 'Webster Crossroad', 'Ronald Harbor', 'Walker Coves', 'Rogers Mall', 'Blake Mountain', 'Garcia Shores', 'Chase Skyway', 'Emily Lodge', 'Anderson Inlet', 'Erickson Mountain', 'Henry Locks', 'Anthony Forge', 'Shepherd Parkway', 'Francis Canyon', 'Tony Overpass', 'Gerald Fall', 'Simmons Canyon', 'Christina Rapid', 'Ian Lodge', 'Jimmy Ways', 'Snyder Plain', 'Kathleen Ville', 'Le Mission', 'Baker Plains', 'Michael Street', 'Jessica Lock', 'Cummings Isle', 'Moore Heights', 'Danielle Valley', 'Adam Trail', 'Collins Divide', 'Camacho Manors', 'Christina Row', 'Eugene Roads', 'Howard Squares', 'Clay Highway', 'Tiffany Parkways', 'Clark Port', 'Mcdaniel Groves', 'Garcia Isle', 'Johnson Station', 'Vanessa Landing', 'White Turnpike', 'Margaret Inlet', 'James Forge', 'Brown Neck', 'Andrea Corner', 'Bates Rapids', 'Debra Camp', 'Hernandez Flat', 'Potts Squares', 'Morris Lane', 'Amy Shores', 'Julie Manor', 'Charlotte Dam', 'Fischer Tunnel', 'Steven Meadows', 'Bennett Ridge', 'Bowman Divide', 'Sampson Forest', 'Brandon Valley', 'Sanders Lane', 'Garcia Rapids', 'Samantha Locks', 'Christopher Skyway', 'Martinez Union', 'Paula Extension', 'Bass Plaza', 'Jessica Forge', 'Harris Mountains', 'Clayton Road', 'Travis Expressway', 'Joseph Locks', 'Casey Landing', 'Thomas Common', 'Zachary Flats', 'Caleb Inlet', 'Anderson Mountain', 'Ellen Station', 'Simon Heights', 'Sandra Plaza', 'Faith Expressway'}
2025-03-30 03:37:20,546 - INFO - No road condition found for date 2025-02-20 at location Morris Lane, using random RoadConditionID: 47
2025-03-30 03:37:20,546 - INFO - No road condition found for date 2025-01-07 at location Julie Pine, using random RoadConditionID: 3
2025-03-30 03:37:20,546 - INFO - No road condition found for date 2025-02-03 at location Cummings Isle, using random RoadConditionID: 75
2025-03-30 03:37:20,552 - INFO - No road condition found for date 2025-02-19 at location Le Mission, using random RoadConditionID: 70
2025-03-30 03:37:20,553 - INFO - No road condition found for date 2025-02-15 at location Clark Port, using random RoadConditionID: 91
2025-03-30 03:37:20,553 - INFO - No road condition found for date 2025-01-06 at location Pittman Dam, using random RoadConditionID: 20
2025-03-30 03:37:20,554 - INFO - No road condition found for date 2025-02-01 at location Shepherd Parkway, using random RoadConditionID: 19
2025-03-30 03:37:20,554 - INFO - No road condition found for date 2025-02-01 at location Lisa Neck, using random RoadConditionID: 17
2025-03-30 03:37:20,554 - INFO - No road condition found for date 2025-01-13 at location White Turnpike, using random RoadConditionID: 63
2025-03-30 03:37:20,559 - INFO - No road condition found for date 2025-02-24 at location Charlotte Dam, using random RoadConditionID: 86
2025-03-30 03:37:20,559 - INFO - No road condition found for date 2025-01-25 at location Sandra Plaza, using random RoadConditionID: 42
2025-03-30 03:37:20,559 - INFO - No road condition found for date 2025-02-20 at location Bennett Ridge, using random RoadConditionID: 29
2025-03-30 03:37:20,563 - INFO - No road condition found for date 2025-01-26 at location Camacho Manors, using random RoadConditionID: 84
2025-03-30 03:37:20,564 - INFO - No road condition found for date 2025-02-27 at location Sampson Forest, using random RoadConditionID: 84
2025-03-30 03:37:20,564 - INFO - No road condition found for date 2025-02-21 at location Snyder Plain, using random RoadConditionID: 56
2025-03-30 03:37:20,564 - INFO - No road condition found for date 2025-01-08 at location Tony Overpass, using random RoadConditionID: 26
2025-03-30 03:37:20,564 - INFO - No road condition found for date 2025-02-26 at location Ronald Harbor, using random RoadConditionID: 98
2025-03-30 03:37:20,564 - INFO - No road condition found for date 2025-01-30 at location Tiffany Parkways, using random RoadConditionID: 29
2025-03-30 03:37:20,569 - INFO - No road condition found for date 2025-01-21 at location Blake Mountain, using random RoadConditionID: 73
2025-03-30 03:37:20,569 - INFO - No road condition found for date 2025-01-25 at location Joseph Forges, using random RoadConditionID: 62
2025-03-30 03:37:20,571 - INFO - No road condition found for date 2025-02-26 at location Sanders Lane, using random RoadConditionID: 64
2025-03-30 03:37:20,571 - INFO - No road condition found for date 2025-03-02 at location Webster Crossroad, using random RoadConditionID: 78
2025-03-30 03:37:20,573 - INFO - No road condition found for date 2025-01-26 at location Gerald Fall, using random RoadConditionID: 18
2025-03-30 03:37:20,575 - INFO - No road condition found for date 2025-02-25 at location Abigail Spur, using random RoadConditionID: 78
2025-03-30 03:37:20,575 - INFO - No road condition found for date 2025-01-03 at location Christina Rapid, using random RoadConditionID: 48
2025-03-30 03:37:20,575 - INFO - No road condition found for date 2025-02-10 at location Christopher Skyway, using random RoadConditionID: 72
2025-03-30 03:37:20,579 - INFO - No road condition found for date 2025-01-02 at location Brandon Valley, using random RoadConditionID: 94
2025-03-30 03:37:20,579 - INFO - No road condition found for date 2025-02-18 at location Garcia Rapids, using random RoadConditionID: 80
2025-03-30 03:37:20,581 - INFO - No road condition found for date 2025-01-29 at location Thomas Common, using random RoadConditionID: 54
2025-03-30 03:37:20,582 - INFO - No road condition found for date 2025-01-29 at location Jessica Lock, using random RoadConditionID: 31
2025-03-30 03:37:20,582 - INFO - No road condition found for date 2025-01-02 at location Harris Mountains, using random RoadConditionID: 34
2025-03-30 03:37:20,582 - INFO - No road condition found for date 2025-01-27 at location Simmons Canyon, using random RoadConditionID: 74
2025-03-30 03:37:20,582 - INFO - No road condition found for date 2025-03-03 at location Hernandez Flat, using random RoadConditionID: 46
2025-03-30 03:37:20,582 - INFO - No road condition found for date 2025-02-12 at location Henry Locks, using random RoadConditionID: 77
2025-03-30 03:37:20,587 - INFO - No road condition found for date 2025-02-18 at location Chase Skyway, using random RoadConditionID: 20
2025-03-30 03:37:20,587 - INFO - No road condition found for date 2025-02-22 at location Carl Trafficway, using random RoadConditionID: 6
2025-03-30 03:37:20,587 - INFO - No road condition found for date 2025-02-18 at location Johnson Station, using random RoadConditionID: 1
2025-03-30 03:37:20,587 - INFO - No road condition found for date 2025-01-18 at location Ashley Greens, using random RoadConditionID: 88
2025-03-30 03:37:20,587 - INFO - No road condition found for date 2025-02-28 at location Anthony Forge, using random RoadConditionID: 46
2025-03-30 03:37:20,593 - INFO - No road condition found for date 2025-02-28 at location Fischer Tunnel, using random RoadConditionID: 36
2025-03-30 03:37:20,594 - INFO - No road condition found for date 2025-02-12 at location Potts Squares, using random RoadConditionID: 33
2025-03-30 03:37:20,594 - INFO - No road condition found for date 2025-03-01 at location Baker Plains, using random RoadConditionID: 45
2025-03-30 03:37:20,594 - INFO - No road condition found for date 2025-01-20 at location Jessica Forge, using random RoadConditionID: 62
2025-03-30 03:37:20,597 - INFO - No road condition found for date 2025-01-02 at location James Forge, using random RoadConditionID: 100
2025-03-30 03:37:20,597 - INFO - No road condition found for date 2025-02-04 at location Garcia Shores, using random RoadConditionID: 73
2025-03-30 03:37:20,597 - INFO - No road condition found for date 2025-03-03 at location Lisa Dale, using random RoadConditionID: 45
2025-03-30 03:37:20,597 - INFO - No road condition found for date 2025-01-19 at location Steven Meadows, using random RoadConditionID: 100
2025-03-30 03:37:20,597 - INFO - No road condition found for date 2025-02-25 at location Collins Divide, using random RoadConditionID: 82
2025-03-30 03:37:20,597 - INFO - No road condition found for date 2025-02-09 at location Ian Lodge, using random RoadConditionID: 29
2025-03-30 03:37:20,603 - INFO - No road condition found for date 2025-02-05 at location Melissa Knolls, using random RoadConditionID: 64
2025-03-30 03:37:20,603 - INFO - No road condition found for date 2025-01-09 at location Julie Manor, using random RoadConditionID: 57
2025-03-30 03:37:20,605 - INFO - No road condition found for date 2025-01-14 at location Clayton Road, using random RoadConditionID: 21
2025-03-30 03:37:20,605 - INFO - No road condition found for date 2025-02-08 at location Simon Heights, using random RoadConditionID: 91
2025-03-30 03:37:20,605 - INFO - No road condition found for date 2025-01-14 at location Eugene Roads, using random RoadConditionID: 68
2025-03-30 03:37:20,605 - INFO - No road condition found for date 2025-03-02 at location Andrea Corner, using random RoadConditionID: 36
2025-03-30 03:37:20,610 - INFO - No road condition found for date 2025-01-27 at location Wallace Freeway, using random RoadConditionID: 32
2025-03-30 03:37:20,610 - INFO - No road condition found for date 2025-01-15 at location Edward Freeway, using random RoadConditionID: 81
2025-03-30 03:37:20,610 - INFO - No road condition found for date 2025-03-03 at location Bowman Divide, using random RoadConditionID: 65
2025-03-30 03:37:20,613 - INFO - No road condition found for date 2025-02-27 at location Brown Neck, using random RoadConditionID: 6
2025-03-30 03:37:20,614 - INFO - No road condition found for date 2025-01-30 at location Samantha Locks, using random RoadConditionID: 8
2025-03-30 03:37:20,614 - INFO - No road condition found for date 2025-01-06 at location John Unions, using random RoadConditionID: 16
2025-03-30 03:37:20,614 - INFO - No road condition found for date 2025-01-07 at location Adam Trail, using random RoadConditionID: 100
2025-03-30 03:37:20,614 - INFO - No road condition found for date 2025-02-21 at location Ferguson Ridge, using random RoadConditionID: 22
2025-03-30 03:37:20,614 - INFO - No road condition found for date 2025-02-26 at location Moore Heights, using random RoadConditionID: 62
2025-03-30 03:37:20,614 - INFO - No road condition found for date 2025-03-01 at location Garcia Isle, using random RoadConditionID: 84
2025-03-30 03:37:20,620 - INFO - No road condition found for date 2025-02-25 at location Erickson Mountain, using random RoadConditionID: 66
2025-03-30 03:37:20,621 - INFO - No road condition found for date 2025-02-27 at location Jamie Dale, using random RoadConditionID: 70
2025-03-30 03:37:20,621 - INFO - No road condition found for date 2025-01-10 at location Kathleen Ville, using random RoadConditionID: 21
2025-03-30 03:37:20,623 - INFO - No road condition found for date 2025-01-08 at location Jonathan Point, using random RoadConditionID: 59
2025-03-30 03:37:20,623 - INFO - No road condition found for date 2025-01-18 at location Morales Prairie, using random RoadConditionID: 45
2025-03-30 03:37:20,627 - INFO - No road condition found for date 2025-01-28 at location Ellen Station, using random RoadConditionID: 46
2025-03-30 03:37:20,628 - INFO - No road condition found for date 2025-02-12 at location Clay Highway, using random RoadConditionID: 59
2025-03-30 03:37:20,628 - INFO - No road condition found for date 2025-01-05 at location Francis Canyon, using random RoadConditionID: 88
2025-03-30 03:37:20,629 - INFO - No road condition found for date 2025-02-12 at location Caleb Inlet, using random RoadConditionID: 27
2025-03-30 03:37:20,629 - INFO - No road condition found for date 2025-01-30 at location Zachary Flats, using random RoadConditionID: 19
2025-03-30 03:37:20,629 - INFO - No road condition found for date 2025-02-24 at location Danielle Valley, using random RoadConditionID: 60
2025-03-30 03:37:20,632 - INFO - No road condition found for date 2025-01-28 at location Anderson Mountain, using random RoadConditionID: 28
2025-03-30 03:37:20,634 - INFO - No road condition found for date 2025-01-06 at location Amy Shores, using random RoadConditionID: 47
2025-03-30 03:37:20,634 - INFO - No road condition found for date 2025-02-02 at location Bass Plaza, using random RoadConditionID: 99
2025-03-30 03:37:20,634 - INFO - No road condition found for date 2025-02-17 at location Emily Lodge, using random RoadConditionID: 82
2025-03-30 03:37:20,634 - INFO - No road condition found for date 2025-01-29 at location Howard Squares, using random RoadConditionID: 88
2025-03-30 03:37:20,638 - INFO - No road condition found for date 2025-01-22 at location Faith Expressway, using random RoadConditionID: 95
2025-03-30 03:37:20,640 - INFO - No road condition found for date 2025-01-28 at location Dawn Place, using random RoadConditionID: 64
2025-03-30 03:37:20,640 - INFO - No road condition found for date 2025-02-12 at location Bates Rapids, using random RoadConditionID: 55
2025-03-30 03:37:20,640 - INFO - No road condition found for date 2025-02-26 at location Todd Meadow, using random RoadConditionID: 89
2025-03-30 03:37:20,640 - INFO - No road condition found for date 2025-03-03 at location Anderson Inlet, using random RoadConditionID: 31
2025-03-30 03:37:20,644 - INFO - No road condition found for date 2025-02-11 at location Mcdaniel Groves, using random RoadConditionID: 90
2025-03-30 03:37:20,644 - INFO - No road condition found for date 2025-02-24 at location Christina Row, using random RoadConditionID: 30
2025-03-30 03:37:20,644 - INFO - No road condition found for date 2025-01-03 at location Walker Coves, using random RoadConditionID: 55
2025-03-30 03:37:20,644 - INFO - No road condition found for date 2025-01-17 at location Joseph Locks, using random RoadConditionID: 29
2025-03-30 03:37:20,644 - INFO - No road condition found for date 2025-02-06 at location Vanessa Landing, using random RoadConditionID: 66
2025-03-30 03:37:20,644 - INFO - No road condition found for date 2025-02-21 at location Debra Camp, using random RoadConditionID: 93
2025-03-30 03:37:20,649 - INFO - No road condition found for date 2025-02-24 at location Michael Street, using random RoadConditionID: 32
2025-03-30 03:37:20,649 - INFO - No road condition found for date 2025-02-08 at location Rogers Mall, using random RoadConditionID: 97
2025-03-30 03:37:20,649 - INFO - No road condition found for date 2025-01-13 at location Margaret Inlet, using random RoadConditionID: 55
2025-03-30 03:37:20,649 - INFO - No road condition found for date 2025-01-31 at location Casey Landing, using random RoadConditionID: 30
2025-03-30 03:37:20,649 - INFO - No road condition found for date 2025-03-01 at location Paula Extension, using random RoadConditionID: 57
2025-03-30 03:37:20,649 - INFO - No road condition found for date 2025-02-25 at location Martinez Union, using random RoadConditionID: 25
2025-03-30 03:37:20,656 - INFO - No road condition found for date 2025-02-05 at location Travis Expressway, using random RoadConditionID: 65
2025-03-30 03:37:20,657 - INFO - No road condition found for date 2025-02-25 at location Jimmy Ways, using random RoadConditionID: 42
2025-03-30 03:37:20,683 - INFO - Populated Fact_Accidents with 100 rows.
2025-03-30 03:37:20,683 - INFO - Dim_Location: 100 rows
2025-03-30 03:37:20,683 - INFO - Dim_Vehicle: 200 rows
2025-03-30 03:37:20,683 - INFO - Dim_RoadCondition: 100 rows
2025-03-30 03:37:20,683 - INFO - Dim_Date: 50 rows
2025-03-30 03:37:20,683 - INFO - Fact_Accidents: 100 rows
2025-03-30 03:37:20,689 - INFO - 
Sample from Fact_Accidents:
   AccidentID  DateID  LocationID  VehicleID  RoadConditionID  VehiclesInvolved  SeverityScore
0           1       1           1         67               47                 3              1
1           2       2           2         45                3                 2              1
2           3       3           3         51               75                 3              3
3           4       4           4        100               70                 1              1
4           5       5           5         79               91                 5              3
5           6       6           6         55               20                 1              1
6           7       7           7        186               19                 5              2
7           8       7           8        193               17                 1              3
8           9       8           9         97               63                 2              2
9          10       9          10        117               86                 4              1
2025-03-30 03:37:20,689 - INFO - ETL pipeline completed successfully.
